<?xml version="1.0"?><coverage lines-covered="1336" lines-valid="1904" line-rate="0.7016806722689075" branches-covered="0" branches-valid="0" branch-rate="0" complexity="0" version="1.9" timestamp="1674823640"><sources><source>/home/janw/workspace/confio/sylvia</source></sources><packages><package name="sylvia-derive/src" line-rate="0.5174537987679672" branch-rate="0" complexity="0"><classes><class name="check_generics" filename="sylvia-derive/src/check_generics.rs" line-rate="0.6666666666666666" branch-rate="0" complexity="0"><methods/><lines><line number="10" hits="1"/><line number="13" hits="1"/><line number="17" hits="0"/><line number="18" hits="0"/><line number="22" hits="1"/><line number="23" hits="2"/><line number="24" hits="0"/><line number="26" hits="1"/><line number="30" hits="1"/><line number="35" hits="1"/><line number="36" hits="1"/><line number="37" hits="2"/><line number="38" hits="0"/><line number="40" hits="1"/><line number="42" hits="0"/><line number="43" hits="0"/><line number="49" hits="2"/><line number="50" hits="1"/></lines></class><class name="input" filename="sylvia-derive/src/input.rs" line-rate="0.6666666666666666" branch-rate="0" complexity="0"><methods/><lines><line number="49" hits="1"/><line number="50" hits="1"/><line number="52" hits="2"/><line number="53" hits="3"/><line number="54" hits="0"/><line number="55" hits="0"/><line number="57" hits="0"/><line number="61" hits="1"/><line number="65" hits="1"/><line number="66" hits="1"/><line number="67" hits="1"/><line number="68" hits="1"/><line number="69" hits="1"/><line number="71" hits="1"/><line number="72" hits="1"/><line number="73" hits="1"/><line number="74" hits="1"/><line number="77" hits="1"/><line number="78" hits="0"/><line number="80" hits="0"/><line number="84" hits="1"/><line number="85" hits="1"/><line number="90" hits="1"/><line number="91" hits="1"/><line number="100" hits="1"/><line number="101" hits="1"/><line number="102" hits="1"/><line number="103" hits="0"/><line number="106" hits="1"/><line number="108" hits="0"/><line number="110" hits="0"/><line number="114" hits="1"/><line number="115" hits="2"/><line number="116" hits="0"/><line number="118" hits="0"/><line number="121" hits="2"/><line number="122" hits="2"/><line number="123" hits="0"/><line number="124" hits="0"/><line number="126" hits="0"/><line number="130" hits="1"/><line number="134" hits="1"/><line number="135" hits="1"/><line number="136" hits="1"/><line number="137" hits="2"/><line number="138" hits="0"/><line number="139" hits="1"/><line number="140" hits="0"/><line number="141" hits="1"/><line number="142" hits="1"/><line number="144" hits="1"/><line number="145" hits="0"/><line number="147" hits="0"/><line number="149" hits="0"/><line number="151" hits="0"/><line number="153" hits="0"/><line number="155" hits="0"/><line number="159" hits="1"/><line number="160" hits="3"/><line number="163" hits="1"/><line number="164" hits="1"/><line number="167" hits="1"/><line number="168" hits="1"/></lines></class><class name="lib" filename="sylvia-derive/src/lib.rs" line-rate="1" branch-rate="0" complexity="0"><methods/><lines><line number="34" hits="1"/><line number="35" hits="1"/><line number="138" hits="1"/><line number="139" hits="1"/><line number="140" hits="2"/><line number="141" hits="2"/><line number="143" hits="2"/><line number="144" hits="1"/><line number="146" hits="2"/><line number="153" hits="1"/><line number="230" hits="1"/><line number="231" hits="1"/><line number="232" hits="2"/><line number="233" hits="2"/><line number="235" hits="2"/><line number="236" hits="1"/><line number="238" hits="2"/><line number="245" hits="1"/></lines></class><class name="message" filename="sylvia-derive/src/message.rs" line-rate="0.5288461538461539" branch-rate="0" complexity="0"><methods/><lines><line number="36" hits="1"/><line number="41" hits="1"/><line number="43" hits="1"/><line number="45" hits="1"/><line number="46" hits="1"/><line number="47" hits="1"/><line number="50" hits="1"/><line number="51" hits="2"/><line number="52" hits="2"/><line number="53" hits="2"/><line number="55" hits="1"/><line number="56" hits="1"/><line number="57" hits="1"/><line number="58" hits="0"/><line number="59" hits="1"/><line number="60" hits="1"/><line number="61" hits="1"/><line number="62" hits="1"/><line number="63" hits="1"/><line number="64" hits="1"/><line number="68" hits="1"/><line number="71" hits="1"/><line number="72" hits="1"/><line number="73" hits="1"/><line number="74" hits="0"/><line number="75" hits="0"/><line number="76" hits="0"/><line number="81" hits="1"/><line number="82" hits="1"/><line number="84" hits="0"/><line number="85" hits="1"/><line number="86" hits="1"/><line number="87" hits="1"/><line number="88" hits="1"/><line number="89" hits="1"/><line number="90" hits="1"/><line number="91" hits="1"/><line number="92" hits="1"/><line number="93" hits="1"/><line number="94" hits="0"/><line number="96" hits="2"/><line number="97" hits="0"/><line number="98" hits="0"/><line number="101" hits="2"/><line number="104" hits="2"/><line number="105" hits="2"/><line number="106" hits="2"/><line number="108" hits="1"/><line number="109" hits="1"/><line number="111" hits="0"/><line number="112" hits="0"/><line number="116" hits="2"/><line number="117" hits="1"/><line number="119" hits="0"/><line number="120" hits="0"/><line number="124" hits="2"/><line number="125" hits="0"/><line number="126" hits="0"/><line number="127" hits="0"/><line number="128" hits="0"/><line number="129" hits="0"/><line number="132" hits="0"/><line number="133" hits="0"/><line number="134" hits="0"/><line number="136" hits="0"/><line number="137" hits="0"/><line number="159" hits="1"/><line number="166" hits="1"/><line number="168" hits="1"/><line number="169" hits="3"/><line number="170" hits="0"/><line number="172" hits="3"/><line number="173" hits="1"/><line number="174" hits="4"/><line number="175" hits="2"/><line number="176" hits="1"/><line number="177" hits="0"/><line number="178" hits="0"/><line number="179" hits="0"/><line number="183" hits="4"/><line number="184" hits="1"/><line number="185" hits="1"/><line number="186" hits="1"/><line number="187" hits="1"/><line number="188" hits="1"/><line number="191" hits="1"/><line number="194" hits="1"/><line number="198" hits="2"/><line number="199" hits="2"/><line number="209" hits="1"/><line number="215" hits="1"/><line number="216" hits="1"/><line number="218" hits="0"/><line number="219" hits="1"/><line number="220" hits="1"/><line number="221" hits="1"/><line number="222" hits="1"/><line number="223" hits="1"/><line number="224" hits="1"/><line number="225" hits="1"/><line number="226" hits="1"/><line number="227" hits="1"/><line number="228" hits="1"/><line number="229" hits="0"/><line number="231" hits="3"/><line number="233" hits="3"/><line number="234" hits="1"/><line number="236" hits="2"/><line number="238" hits="2"/><line number="239" hits="1"/><line number="240" hits="1"/><line number="241" hits="1"/><line number="242" hits="1"/><line number="243" hits="0"/><line number="244" hits="0"/><line number="247" hits="2"/><line number="250" hits="1"/><line number="251" hits="2"/><line number="253" hits="1"/><line number="254" hits="1"/><line number="256" hits="0"/><line number="259" hits="2"/><line number="260" hits="1"/><line number="262" hits="0"/><line number="265" hits="2"/><line number="267" hits="1"/><line number="268" hits="2"/><line number="269" hits="0"/><line number="270" hits="0"/><line number="271" hits="0"/><line number="272" hits="0"/><line number="273" hits="0"/><line number="275" hits="0"/><line number="277" hits="2"/><line number="278" hits="0"/><line number="279" hits="0"/><line number="280" hits="0"/><line number="281" hits="0"/><line number="282" hits="0"/><line number="284" hits="0"/><line number="288" hits="1"/><line number="289" hits="0"/><line number="291" hits="0"/><line number="292" hits="0"/><line number="293" hits="0"/><line number="295" hits="0"/><line number="297" hits="0"/><line number="298" hits="0"/><line number="301" hits="0"/><line number="302" hits="0"/><line number="304" hits="0"/><line number="320" hits="1"/><line number="327" hits="1"/><line number="328" hits="3"/><line number="329" hits="0"/><line number="331" hits="3"/><line number="332" hits="1"/><line number="333" hits="5"/><line number="334" hits="2"/><line number="335" hits="1"/><line number="336" hits="0"/><line number="337" hits="0"/><line number="338" hits="0"/><line number="342" hits="4"/><line number="343" hits="1"/><line number="344" hits="1"/><line number="345" hits="1"/><line number="346" hits="1"/><line number="347" hits="1"/><line number="350" hits="1"/><line number="353" hits="0"/><line number="361" hits="1"/><line number="362" hits="1"/><line number="366" hits="1"/><line number="367" hits="1"/><line number="369" hits="0"/><line number="370" hits="1"/><line number="371" hits="1"/><line number="372" hits="1"/><line number="373" hits="1"/><line number="374" hits="1"/><line number="375" hits="0"/><line number="377" hits="3"/><line number="379" hits="3"/><line number="380" hits="1"/><line number="382" hits="2"/><line number="384" hits="2"/><line number="385" hits="1"/><line number="386" hits="1"/><line number="387" hits="1"/><line number="389" hits="1"/><line number="390" hits="2"/><line number="391" hits="1"/><line number="393" hits="2"/><line number="394" hits="3"/><line number="395" hits="0"/><line number="396" hits="0"/><line number="397" hits="0"/><line number="398" hits="0"/><line number="399" hits="0"/><line number="402" hits="2"/><line number="403" hits="0"/><line number="404" hits="0"/><line number="405" hits="0"/><line number="406" hits="0"/><line number="407" hits="0"/><line number="412" hits="1"/><line number="413" hits="0"/><line number="415" hits="0"/><line number="416" hits="0"/><line number="417" hits="0"/><line number="419" hits="0"/><line number="420" hits="0"/><line number="423" hits="0"/><line number="424" hits="0"/><line number="427" hits="0"/><line number="446" hits="1"/><line number="452" hits="1"/><line number="455" hits="3"/><line number="456" hits="1"/><line number="458" hits="1"/><line number="460" hits="2"/><line number="461" hits="1"/><line number="462" hits="1"/><line number="463" hits="0"/><line number="464" hits="2"/><line number="465" hits="1"/><line number="469" hits="2"/><line number="482" hits="1"/><line number="483" hits="1"/><line number="484" hits="1"/><line number="485" hits="1"/><line number="487" hits="3"/><line number="488" hits="2"/><line number="489" hits="0"/><line number="490" hits="0"/><line number="491" hits="0"/><line number="495" hits="2"/><line number="496" hits="0"/><line number="497" hits="0"/><line number="506" hits="1"/><line number="509" hits="0"/><line number="510" hits="1"/><line number="511" hits="1"/><line number="512" hits="1"/><line number="513" hits="0"/><line number="514" hits="0"/><line number="515" hits="2"/><line number="517" hits="1"/><line number="518" hits="2"/><line number="520" hits="2"/><line number="522" hits="2"/><line number="523" hits="1"/><line number="524" hits="2"/><line number="526" hits="1"/><line number="527" hits="2"/><line number="528" hits="0"/><line number="529" hits="0"/><line number="530" hits="0"/><line number="532" hits="3"/><line number="533" hits="0"/><line number="534" hits="0"/><line number="535" hits="0"/><line number="537" hits="0"/><line number="538" hits="0"/><line number="539" hits="0"/><line number="545" hits="1"/><line number="546" hits="1"/><line number="548" hits="1"/><line number="549" hits="1"/><line number="551" hits="3"/><line number="552" hits="1"/><line number="553" hits="1"/><line number="554" hits="1"/><line number="556" hits="3"/><line number="558" hits="1"/><line number="559" hits="0"/><line number="560" hits="0"/><line number="574" hits="1"/><line number="575" hits="2"/><line number="576" hits="1"/><line number="577" hits="0"/><line number="594" hits="0"/><line number="595" hits="0"/><line number="599" hits="1"/><line number="600" hits="1"/><line number="602" hits="1"/><line number="606" hits="1"/><line number="607" hits="1"/><line number="609" hits="1"/><line number="610" hits="0"/><line number="614" hits="0"/><line number="615" hits="0"/><line number="641" hits="1"/><line number="642" hits="1"/><line number="643" hits="0"/><line number="645" hits="2"/><line number="646" hits="0"/><line number="647" hits="0"/><line number="648" hits="0"/><line number="649" hits="0"/><line number="650" hits="0"/><line number="651" hits="0"/><line number="655" hits="0"/><line number="662" hits="1"/><line number="668" hits="1"/><line number="669" hits="1"/><line number="671" hits="0"/><line number="672" hits="1"/><line number="673" hits="1"/><line number="674" hits="1"/><line number="675" hits="1"/><line number="676" hits="1"/><line number="677" hits="0"/><line number="678" hits="2"/><line number="679" hits="2"/><line number="681" hits="1"/><line number="682" hits="0"/><line number="683" hits="0"/><line number="684" hits="0"/><line number="685" hits="0"/><line number="686" hits="0"/><line number="687" hits="0"/><line number="689" hits="0"/><line number="690" hits="0"/><line number="691" hits="0"/><line number="692" hits="0"/><line number="695" hits="0"/><line number="696" hits="0"/><line number="699" hits="1"/><line number="700" hits="3"/><line number="702" hits="1"/><line number="703" hits="0"/><line number="705" hits="0"/><line number="706" hits="0"/><line number="709" hits="2"/><line number="711" hits="1"/><line number="713" hits="1"/><line number="714" hits="0"/><line number="716" hits="0"/><line number="719" hits="1"/><line number="721" hits="2"/><line number="722" hits="0"/><line number="723" hits="0"/><line number="724" hits="0"/><line number="725" hits="0"/><line number="726" hits="0"/><line number="727" hits="0"/><line number="728" hits="0"/><line number="729" hits="0"/><line number="730" hits="0"/><line number="731" hits="0"/><line number="737" hits="1"/><line number="738" hits="0"/><line number="739" hits="0"/><line number="740" hits="0"/><line number="741" hits="0"/><line number="742" hits="0"/><line number="747" hits="1"/><line number="748" hits="1"/><line number="750" hits="3"/><line number="752" hits="1"/><line number="753" hits="0"/><line number="755" hits="0"/><line number="756" hits="0"/><line number="759" hits="2"/><line number="761" hits="1"/><line number="762" hits="1"/><line number="763" hits="1"/><line number="764" hits="0"/><line number="765" hits="0"/><line number="766" hits="0"/><line number="767" hits="0"/><line number="768" hits="0"/><line number="773" hits="0"/><line number="774" hits="2"/><line number="778" hits="1"/><line number="779" hits="0"/><line number="780" hits="0"/><line number="781" hits="0"/><line number="782" hits="0"/><line number="783" hits="0"/><line number="784" hits="0"/><line number="787" hits="0"/><line number="788" hits="0"/><line number="789" hits="0"/><line number="790" hits="0"/><line number="791" hits="0"/><line number="792" hits="0"/><line number="793" hits="0"/><line number="794" hits="0"/><line number="795" hits="0"/><line number="798" hits="0"/><line number="799" hits="0"/><line number="800" hits="0"/><line number="805" hits="0"/><line number="807" hits="0"/><line number="808" hits="0"/><line number="809" hits="0"/><line number="811" hits="0"/><line number="813" hits="0"/><line number="814" hits="0"/><line number="815" hits="0"/><line number="816" hits="0"/><line number="818" hits="0"/><line number="819" hits="0"/><line number="822" hits="0"/><line number="824" hits="0"/><line number="825" hits="0"/><line number="826" hits="0"/><line number="829" hits="0"/><line number="830" hits="0"/><line number="831" hits="0"/><line number="832" hits="0"/><line number="834" hits="0"/><line number="835" hits="0"/></lines></class><class name="multitest" filename="sylvia-derive/src/multitest.rs" line-rate="0.31125827814569534" branch-rate="0" complexity="0"><methods/><lines><line number="35" hits="0"/><line number="36" hits="0"/><line number="37" hits="0"/><line number="38" hits="0"/><line number="39" hits="0"/><line number="41" hits="0"/><line number="44" hits="1"/><line number="45" hits="1"/><line number="46" hits="0"/><line number="48" hits="1"/><line number="49" hits="2"/><line number="50" hits="2"/><line number="55" hits="1"/><line number="61" hits="1"/><line number="63" hits="2"/><line number="64" hits="0"/><line number="66" hits="3"/><line number="67" hits="1"/><line number="68" hits="5"/><line number="69" hits="2"/><line number="70" hits="1"/><line number="71" hits="0"/><line number="72" hits="0"/><line number="73" hits="0"/><line number="76" hits="2"/><line number="78" hits="1"/><line number="79" hits="1"/><line number="80" hits="1"/><line number="81" hits="2"/><line number="82" hits="1"/><line number="84" hits="1"/><line number="85" hits="3"/><line number="86" hits="1"/><line number="87" hits="1"/><line number="88" hits="0"/><line number="89" hits="2"/><line number="90" hits="1"/><line number="94" hits="1"/><line number="97" hits="1"/><line number="98" hits="2"/><line number="99" hits="0"/><line number="100" hits="0"/><line number="101" hits="0"/><line number="102" hits="2"/><line number="103" hits="1"/><line number="104" hits="2"/><line number="105" hits="1"/><line number="106" hits="0"/><line number="108" hits="1"/><line number="109" hits="2"/><line number="111" hits="0"/><line number="113" hits="0"/><line number="114" hits="2"/><line number="115" hits="0"/><line number="116" hits="0"/><line number="117" hits="0"/><line number="118" hits="2"/><line number="119" hits="1"/><line number="120" hits="1"/><line number="121" hits="2"/><line number="122" hits="0"/><line number="124" hits="1"/><line number="126" hits="0"/><line number="128" hits="0"/><line number="130" hits="1"/><line number="131" hits="0"/><line number="132" hits="1"/><line number="133" hits="1"/><line number="134" hits="1"/><line number="135" hits="1"/><line number="138" hits="0"/><line number="142" hits="2"/><line number="143" hits="0"/><line number="144" hits="0"/><line number="146" hits="0"/><line number="147" hits="0"/><line number="148" hits="0"/><line number="149" hits="0"/><line number="150" hits="0"/><line number="151" hits="0"/><line number="152" hits="0"/><line number="155" hits="0"/><line number="157" hits="0"/><line number="159" hits="0"/><line number="163" hits="0"/><line number="164" hits="0"/><line number="165" hits="0"/><line number="167" hits="2"/><line number="170" hits="1"/><line number="171" hits="2"/><line number="173" hits="1"/><line number="174" hits="0"/><line number="175" hits="0"/><line number="177" hits="3"/><line number="193" hits="1"/><line number="194" hits="0"/><line number="195" hits="1"/><line number="196" hits="1"/><line number="197" hits="1"/><line number="198" hits="1"/><line number="199" hits="0"/><line number="200" hits="0"/><line number="201" hits="1"/><line number="203" hits="3"/><line number="204" hits="0"/><line number="205" hits="1"/><line number="206" hits="1"/><line number="207" hits="1"/><line number="208" hits="1"/><line number="209" hits="1"/><line number="210" hits="0"/><line number="211" hits="3"/><line number="212" hits="2"/><line number="213" hits="0"/><line number="214" hits="0"/><line number="215" hits="0"/><line number="217" hits="0"/><line number="221" hits="2"/><line number="222" hits="0"/><line number="223" hits="0"/><line number="225" hits="0"/><line number="226" hits="0"/><line number="227" hits="0"/><line number="228" hits="0"/><line number="229" hits="0"/><line number="230" hits="0"/><line number="236" hits="1"/><line number="238" hits="2"/><line number="239" hits="0"/><line number="241" hits="2"/><line number="242" hits="0"/><line number="243" hits="0"/><line number="244" hits="0"/><line number="245" hits="0"/><line number="246" hits="0"/><line number="247" hits="0"/><line number="248" hits="0"/><line number="249" hits="0"/><line number="250" hits="0"/><line number="251" hits="0"/><line number="254" hits="0"/><line number="255" hits="0"/><line number="256" hits="0"/><line number="260" hits="0"/><line number="261" hits="0"/><line number="262" hits="0"/><line number="266" hits="0"/><line number="270" hits="3"/><line number="271" hits="0"/><line number="272" hits="0"/><line number="273" hits="0"/><line number="274" hits="0"/><line number="276" hits="0"/><line number="277" hits="0"/><line number="278" hits="0"/><line number="281" hits="0"/><line number="282" hits="0"/><line number="283" hits="0"/><line number="286" hits="0"/><line number="288" hits="0"/><line number="291" hits="0"/><line number="292" hits="0"/><line number="293" hits="0"/><line number="297" hits="0"/><line number="302" hits="1"/><line number="303" hits="0"/><line number="304" hits="1"/><line number="305" hits="1"/><line number="306" hits="1"/><line number="307" hits="1"/><line number="308" hits="1"/><line number="309" hits="1"/><line number="310" hits="0"/><line number="311" hits="0"/><line number="313" hits="1"/><line number="314" hits="0"/><line number="317" hits="1"/><line number="319" hits="1"/><line number="321" hits="1"/><line number="322" hits="1"/><line number="323" hits="0"/><line number="326" hits="1"/><line number="327" hits="2"/><line number="328" hits="2"/><line number="330" hits="1"/><line number="332" hits="2"/><line number="334" hits="1"/><line number="335" hits="0"/><line number="337" hits="0"/><line number="338" hits="0"/><line number="339" hits="0"/><line number="342" hits="0"/><line number="343" hits="0"/><line number="344" hits="0"/><line number="345" hits="0"/><line number="346" hits="0"/><line number="347" hits="0"/><line number="348" hits="0"/><line number="351" hits="0"/><line number="352" hits="0"/><line number="355" hits="0"/><line number="356" hits="0"/><line number="357" hits="0"/><line number="358" hits="0"/><line number="359" hits="0"/><line number="360" hits="0"/><line number="361" hits="0"/><line number="362" hits="0"/><line number="363" hits="0"/><line number="364" hits="0"/><line number="369" hits="0"/><line number="370" hits="0"/><line number="371" hits="0"/><line number="372" hits="0"/><line number="373" hits="0"/><line number="374" hits="0"/><line number="377" hits="0"/><line number="378" hits="0"/><line number="379" hits="0"/><line number="382" hits="0"/><line number="383" hits="0"/><line number="386" hits="0"/><line number="387" hits="0"/><line number="388" hits="0"/><line number="391" hits="0"/><line number="392" hits="0"/><line number="393" hits="0"/><line number="394" hits="0"/><line number="395" hits="0"/><line number="396" hits="0"/><line number="397" hits="0"/><line number="398" hits="0"/><line number="399" hits="0"/><line number="400" hits="0"/><line number="401" hits="0"/><line number="402" hits="0"/><line number="403" hits="0"/><line number="405" hits="0"/><line number="406" hits="0"/><line number="407" hits="0"/><line number="408" hits="0"/><line number="415" hits="1"/><line number="416" hits="1"/><line number="419" hits="3"/><line number="420" hits="2"/><line number="421" hits="0"/><line number="422" hits="0"/><line number="423" hits="0"/><line number="426" hits="2"/><line number="427" hits="0"/><line number="430" hits="2"/><line number="431" hits="0"/><line number="432" hits="0"/><line number="433" hits="0"/><line number="434" hits="0"/><line number="435" hits="0"/><line number="436" hits="0"/><line number="437" hits="0"/><line number="438" hits="0"/><line number="439" hits="0"/><line number="440" hits="0"/><line number="441" hits="0"/><line number="444" hits="0"/><line number="445" hits="0"/><line number="446" hits="0"/><line number="447" hits="0"/><line number="448" hits="0"/><line number="449" hits="0"/><line number="450" hits="0"/><line number="451" hits="0"/><line number="452" hits="0"/><line number="453" hits="0"/><line number="456" hits="0"/><line number="457" hits="0"/><line number="458" hits="0"/><line number="459" hits="0"/><line number="460" hits="0"/><line number="461" hits="0"/><line number="462" hits="0"/><line number="463" hits="0"/><line number="464" hits="0"/><line number="467" hits="0"/><line number="468" hits="0"/><line number="469" hits="0"/><line number="470" hits="0"/><line number="471" hits="0"/><line number="472" hits="0"/><line number="473" hits="0"/><line number="476" hits="0"/><line number="477" hits="0"/><line number="478" hits="0"/><line number="479" hits="0"/><line number="480" hits="0"/><line number="481" hits="0"/><line number="482" hits="0"/><line number="485" hits="0"/><line number="486" hits="0"/><line number="487" hits="0"/><line number="488" hits="0"/><line number="489" hits="0"/><line number="490" hits="0"/><line number="491" hits="0"/></lines></class><class name="parser" filename="sylvia-derive/src/parser.rs" line-rate="0.8118811881188119" branch-rate="0" complexity="0"><methods/><lines><line number="32" hits="1"/><line number="33" hits="1"/><line number="34" hits="1"/><line number="36" hits="2"/><line number="37" hits="1"/><line number="38" hits="2"/><line number="40" hits="2"/><line number="41" hits="1"/><line number="42" hits="0"/><line number="43" hits="0"/><line number="45" hits="0"/><line number="48" hits="2"/><line number="49" hits="0"/><line number="50" hits="2"/><line number="51" hits="0"/><line number="55" hits="2"/><line number="57" hits="1"/><line number="62" hits="1"/><line number="63" hits="1"/><line number="64" hits="3"/><line number="66" hits="2"/><line number="67" hits="1"/><line number="68" hits="2"/><line number="70" hits="3"/><line number="71" hits="1"/><line number="72" hits="2"/><line number="73" hits="1"/><line number="75" hits="0"/><line number="78" hits="3"/><line number="79" hits="1"/><line number="80" hits="2"/><line number="81" hits="0"/><line number="85" hits="2"/><line number="87" hits="1"/><line number="109" hits="1"/><line number="112" hits="1"/><line number="113" hits="2"/><line number="116" hits="2"/><line number="119" hits="2"/><line number="126" hits="1"/><line number="129" hits="1"/><line number="131" hits="1"/><line number="132" hits="0"/><line number="133" hits="0"/><line number="137" hits="2"/><line number="141" hits="2"/><line number="149" hits="1"/><line number="150" hits="1"/><line number="155" hits="1"/><line number="156" hits="4"/><line number="157" hits="1"/><line number="158" hits="2"/><line number="159" hits="1"/><line number="160" hits="2"/><line number="161" hits="1"/><line number="163" hits="1"/><line number="167" hits="1"/><line number="170" hits="1"/><line number="171" hits="1"/><line number="172" hits="1"/><line number="173" hits="1"/><line number="174" hits="1"/><line number="180" hits="1"/><line number="181" hits="1"/><line number="182" hits="2"/><line number="184" hits="2"/><line number="185" hits="2"/><line number="186" hits="1"/><line number="187" hits="2"/><line number="188" hits="1"/><line number="189" hits="3"/><line number="190" hits="1"/><line number="191" hits="1"/><line number="192" hits="3"/><line number="193" hits="1"/><line number="194" hits="1"/><line number="196" hits="0"/><line number="197" hits="0"/><line number="290" hits="1"/><line number="291" hits="3"/><line number="292" hits="1"/><line number="293" hits="5"/><line number="294" hits="2"/><line number="295" hits="1"/><line number="296" hits="0"/><line number="297" hits="0"/><line number="298" hits="0"/><line number="302" hits="3"/><line number="303" hits="1"/><line number="305" hits="1"/><line number="308" hits="0"/><line number="311" hits="2"/><line number="312" hits="1"/><line number="314" hits="2"/><line number="315" hits="0"/><line number="317" hits="1"/><line number="320" hits="2"/><line number="321" hits="0"/><line number="322" hits="0"/><line number="323" hits="0"/><line number="326" hits="1"/></lines></class><class name="strip_generics" filename="sylvia-derive/src/strip_generics.rs" line-rate="1" branch-rate="0" complexity="0"><methods/><lines><line number="7" hits="1"/><line number="8" hits="1"/></lines></class><class name="strip_input" filename="sylvia-derive/src/strip_input.rs" line-rate="1" branch-rate="0" complexity="0"><methods/><lines><line number="8" hits="1"/><line number="9" hits="2"/><line number="12" hits="2"/><line number="16" hits="1"/><line number="17" hits="1"/><line number="23" hits="1"/><line number="24" hits="2"/><line number="27" hits="2"/><line number="30" hits="1"/><line number="33" hits="1"/><line number="34" hits="2"/><line number="37" hits="2"/><line number="40" hits="1"/></lines></class><class name="utils" filename="sylvia-derive/src/utils.rs" line-rate="0.5121951219512195" branch-rate="0" complexity="0"><methods/><lines><line number="12" hits="1"/><line number="17" hits="2"/><line number="19" hits="1"/><line number="20" hits="0"/><line number="21" hits="0"/><line number="22" hits="0"/><line number="23" hits="0"/><line number="24" hits="0"/><line number="25" hits="0"/><line number="26" hits="0"/><line number="27" hits="0"/><line number="28" hits="0"/><line number="29" hits="0"/><line number="31" hits="0"/><line number="36" hits="1"/><line number="40" hits="2"/><line number="43" hits="3"/><line number="44" hits="0"/><line number="45" hits="0"/><line number="46" hits="0"/><line number="49" hits="1"/><line number="54" hits="1"/><line number="55" hits="1"/><line number="56" hits="0"/><line number="59" hits="2"/><line number="60" hits="0"/><line number="62" hits="1"/><line number="63" hits="2"/><line number="64" hits="2"/><line number="67" hits="1"/><line number="68" hits="0"/><line number="69" hits="0"/><line number="75" hits="2"/><line number="76" hits="0"/><line number="78" hits="1"/><line number="79" hits="2"/><line number="80" hits="3"/><line number="81" hits="0"/><line number="83" hits="1"/><line number="84" hits="1"/><line number="86" hits="1"/></lines></class></classes></package><package name="contracts/cw20-base/src/multitest" line-rate="0.9811320754716981" branch-rate="0" complexity="0"><classes><class name="proxy" filename="contracts/cw20-base/src/multitest/proxy.rs" line-rate="0.9893617021276596" branch-rate="0" complexity="0"><methods/><lines><line number="22" hits="9"/><line number="23" hits="19"/><line number="24" hits="1"/><line number="27" hits="1"/><line number="28" hits="1"/><line number="32" hits="9"/><line number="40" hits="1"/><line number="42" hits="10"/><line number="43" hits="2"/><line number="54" hits="1"/><line number="61" hits="1"/><line number="63" hits="3"/><line number="64" hits="2"/><line number="65" hits="2"/><line number="69" hits="1"/><line number="70" hits="1"/><line number="72" hits="3"/><line number="73" hits="2"/><line number="74" hits="2"/><line number="78" hits="1"/><line number="92" hits="3"/><line number="93" hits="2"/><line number="94" hits="2"/><line number="97" hits="2"/><line number="98" hits="2"/><line number="100" hits="4"/><line number="103" hits="2"/><line number="104" hits="2"/><line number="106" hits="4"/><line number="111" hits="3"/><line number="125" hits="5"/><line number="126" hits="2"/><line number="127" hits="8"/><line number="131" hits="1"/><line number="145" hits="3"/><line number="146" hits="2"/><line number="147" hits="2"/><line number="151" hits="1"/><line number="165" hits="4"/><line number="166" hits="2"/><line number="167" hits="4"/><line number="171" hits="1"/><line number="187" hits="3"/><line number="188" hits="2"/><line number="189" hits="2"/><line number="193" hits="1"/><line number="200" hits="1"/><line number="202" hits="3"/><line number="203" hits="2"/><line number="204" hits="2"/><line number="207" hits="1"/><line number="213" hits="1"/><line number="215" hits="2"/><line number="218" hits="2"/><line number="231" hits="4"/><line number="234" hits="1"/><line number="247" hits="2"/><line number="250" hits="1"/><line number="256" hits="1"/><line number="258" hits="2"/><line number="262" hits="1"/><line number="269" hits="1"/><line number="271" hits="3"/><line number="272" hits="2"/><line number="273" hits="2"/><line number="276" hits="1"/><line number="282" hits="3"/><line number="284" hits="7"/><line number="285" hits="2"/><line number="286" hits="4"/><line number="289" hits="1"/><line number="292" hits="1"/><line number="296" hits="4"/><line number="310" hits="12"/><line number="311" hits="3"/><line number="312" hits="8"/><line number="315" hits="6"/><line number="321" hits="5"/><line number="323" hits="8"/><line number="324" hits="2"/><line number="325" hits="6"/><line number="328" hits="4"/><line number="329" hits="4"/><line number="331" hits="4"/><line number="334" hits="4"/><line number="335" hits="4"/><line number="337" hits="4"/><line number="340" hits="1"/><line number="341" hits="2"/><line number="342" hits="1"/><line number="344" hits="2"/><line number="346" hits="2"/><line number="347" hits="0"/><line number="348" hits="2"/></lines></class><class name="receiver" filename="contracts/cw20-base/src/multitest/receiver.rs" line-rate="1" branch-rate="0" complexity="0"><methods/><lines><line number="24" hits="1"/><line number="31" hits="2"/></lines></class><class name="receiver_contract" filename="contracts/cw20-base/src/multitest/receiver_contract.rs" line-rate="0.9" branch-rate="0" complexity="0"><methods/><lines><line number="13" hits="1"/><line number="17" hits="1"/><line number="18" hits="2"/><line number="26" hits="1"/><line number="27" hits="2"/><line number="28" hits="1"/><line number="32" hits="1"/><line number="40" hits="1"/><line number="41" hits="0"/><line number="49" hits="1"/></lines></class></classes></package><package name="sylvia/tests" line-rate="0.7368421052631579" branch-rate="0" complexity="0"><classes><class name="dispatching" filename="sylvia/tests/dispatching.rs" line-rate="1" branch-rate="0" complexity="0"><methods/><lines><line number="57" hits="1"/><line number="58" hits="2"/><line number="59" hits="1"/><line number="62" hits="1"/><line number="69" hits="2"/><line number="71" hits="2"/><line number="73" hits="1"/><line number="74" hits="1"/><line number="77" hits="1"/><line number="78" hits="2"/><line number="79" hits="1"/><line number="82" hits="1"/><line number="83" hits="2"/><line number="84" hits="2"/></lines></class><class name="query_returns" filename="sylvia/tests/query_returns.rs" line-rate="0" branch-rate="0" complexity="0"><methods/><lines><line number="32" hits="0"/><line number="36" hits="0"/><line number="37" hits="0"/><line number="41" hits="0"/><line number="42" hits="0"/></lines></class></classes></package><package name="contracts/cw20-minting/src" line-rate="0" branch-rate="0" complexity="0"><classes></classes></package><package name="contracts/cw20-base/src" line-rate="0.9547038327526133" branch-rate="0" complexity="0"><classes><class name="allowances" filename="contracts/cw20-base/src/allowances.rs" line-rate="0.9867549668874173" branch-rate="0" complexity="0"><methods/><lines><line number="27" hits="1"/><line number="34" hits="3"/><line number="36" hits="4"/><line number="37" hits="4"/><line number="38" hits="1"/><line number="41" hits="2"/><line number="42" hits="3"/><line number="43" hits="2"/><line number="44" hits="4"/><line number="45" hits="2"/><line number="46" hits="1"/><line number="48" hits="1"/><line number="49" hits="1"/><line number="52" hits="9"/><line number="53" hits="2"/><line number="54" hits="6"/><line number="55" hits="3"/><line number="57" hits="20"/><line number="59" hits="2"/><line number="60" hits="2"/><line number="61" hits="2"/><line number="62" hits="2"/><line number="67" hits="1"/><line number="74" hits="1"/><line number="76" hits="1"/><line number="77" hits="2"/><line number="78" hits="1"/><line number="81" hits="1"/><line number="83" hits="2"/><line number="86" hits="2"/><line number="87" hits="3"/><line number="89" hits="2"/><line number="91" hits="1"/><line number="92" hits="0"/><line number="93" hits="3"/><line number="94" hits="2"/><line number="95" hits="0"/><line number="97" hits="1"/><line number="99" hits="2"/><line number="100" hits="2"/><line number="101" hits="1"/><line number="103" hits="1"/><line number="104" hits="1"/><line number="107" hits="5"/><line number="109" hits="1"/><line number="110" hits="1"/><line number="111" hits="1"/><line number="112" hits="1"/><line number="117" hits="1"/><line number="124" hits="1"/><line number="126" hits="2"/><line number="127" hits="2"/><line number="130" hits="2"/><line number="131" hits="5"/><line number="133" hits="1"/><line number="134" hits="1"/><line number="135" hits="1"/><line number="136" hits="1"/><line number="137" hits="1"/><line number="140" hits="3"/><line number="142" hits="2"/><line number="145" hits="3"/><line number="146" hits="1"/><line number="148" hits="2"/><line number="149" hits="1"/><line number="152" hits="3"/><line number="153" hits="1"/><line number="155" hits="3"/><line number="158" hits="8"/><line number="160" hits="1"/><line number="161" hits="1"/><line number="162" hits="1"/><line number="163" hits="2"/><line number="164" hits="2"/><line number="169" hits="1"/><line number="177" hits="1"/><line number="179" hits="2"/><line number="180" hits="2"/><line number="183" hits="3"/><line number="186" hits="3"/><line number="187" hits="1"/><line number="189" hits="2"/><line number="190" hits="1"/><line number="193" hits="3"/><line number="194" hits="1"/><line number="196" hits="3"/><line number="199" hits="3"/><line number="204" hits="2"/><line number="208" hits="1"/><line number="212" hits="1"/><line number="214" hits="1"/><line number="215" hits="1"/><line number="219" hits="1"/><line number="225" hits="1"/><line number="227" hits="2"/><line number="230" hits="3"/><line number="233" hits="3"/><line number="234" hits="1"/><line number="236" hits="2"/><line number="237" hits="1"/><line number="241" hits="2"/><line number="242" hits="2"/><line number="243" hits="2"/><line number="244" hits="1"/><line number="247" hits="4"/><line number="249" hits="1"/><line number="250" hits="1"/><line number="251" hits="1"/><line number="252" hits="1"/><line number="256" hits="1"/><line number="262" hits="1"/><line number="264" hits="2"/><line number="265" hits="2"/><line number="266" hits="3"/><line number="268" hits="1"/><line number="270" hits="1"/><line number="274" hits="2"/><line number="281" hits="2"/><line number="283" hits="4"/><line number="284" hits="4"/><line number="285" hits="4"/><line number="287" hits="6"/><line number="290" hits="2"/><line number="292" hits="2"/><line number="293" hits="8"/><line number="294" hits="2"/><line number="295" hits="2"/><line number="296" hits="2"/><line number="300" hits="2"/><line number="304" hits="1"/><line number="311" hits="1"/><line number="313" hits="2"/><line number="314" hits="2"/><line number="315" hits="1"/><line number="316" hits="2"/><line number="318" hits="3"/><line number="321" hits="1"/><line number="323" hits="1"/><line number="324" hits="5"/><line number="325" hits="1"/><line number="326" hits="1"/><line number="327" hits="2"/><line number="331" hits="1"/><line number="335" hits="1"/><line number="341" hits="1"/><line number="343" hits="2"/><line number="344" hits="3"/><line number="346" hits="2"/><line number="348" hits="1"/><line number="350" hits="2"/><line number="353" hits="1"/></lines></class><class name="contract" filename="contracts/cw20-base/src/contract.rs" line-rate="0.9855072463768116" branch-rate="0" complexity="0"><methods/><lines><line number="38" hits="1"/><line number="39" hits="3"/><line number="83" hits="9"/><line number="85" hits="10"/><line number="86" hits="1"/><line number="87" hits="9"/><line number="88" hits="1"/><line number="89" hits="10"/><line number="90" hits="1"/><line number="94" hits="10"/><line number="99" hits="3"/><line number="101" hits="10"/><line number="102" hits="12"/><line number="103" hits="2"/><line number="104" hits="12"/><line number="105" hits="10"/><line number="108" hits="2"/><line number="112" hits="1"/><line number="120" hits="2"/><line number="121" hits="1"/><line number="123" hits="4"/><line number="125" hits="1"/><line number="126" hits="4"/><line number="128" hits="2"/><line number="129" hits="1"/><line number="130" hits="2"/><line number="132" hits="1"/><line number="135" hits="3"/><line number="136" hits="2"/><line number="137" hits="4"/><line number="138" hits="1"/><line number="142" hits="8"/><line number="147" hits="2"/><line number="149" hits="8"/><line number="150" hits="2"/><line number="151" hits="8"/><line number="152" hits="2"/><line number="153" hits="9"/><line number="154" hits="2"/><line number="156" hits="11"/><line number="159" hits="11"/><line number="161" hits="13"/><line number="163" hits="11"/><line number="164" hits="13"/><line number="165" hits="16"/><line number="167" hits="1"/><line number="170" hits="2"/><line number="171" hits="2"/><line number="172" hits="2"/><line number="173" hits="1"/><line number="175" hits="10"/><line number="186" hits="12"/><line number="188" hits="10"/><line number="189" hits="12"/><line number="190" hits="8"/><line number="191" hits="8"/><line number="193" hits="4"/><line number="194" hits="4"/><line number="195" hits="0"/><line number="198" hits="0"/><line number="202" hits="4"/><line number="203" hits="4"/><line number="204" hits="12"/><line number="210" hits="8"/><line number="213" hits="12"/><line number="218" hits="1"/><line number="224" hits="1"/><line number="226" hits="2"/><line number="227" hits="2"/><line number="228" hits="1"/><line number="231" hits="2"/><line number="233" hits="4"/><line number="234" hits="2"/><line number="235" hits="2"/><line number="237" hits="3"/><line number="238" hits="1"/><line number="241" hits="5"/><line number="243" hits="1"/><line number="244" hits="1"/><line number="245" hits="1"/><line number="246" hits="1"/><line number="251" hits="1"/><line number="256" hits="1"/><line number="258" hits="2"/><line number="259" hits="2"/><line number="260" hits="1"/><line number="264" hits="4"/><line number="265" hits="2"/><line number="266" hits="2"/><line number="269" hits="2"/><line number="270" hits="2"/><line number="271" hits="2"/><line number="272" hits="1"/><line number="275" hits="3"/><line number="277" hits="1"/><line number="278" hits="1"/><line number="279" hits="1"/><line number="285" hits="1"/><line number="292" hits="1"/><line number="294" hits="2"/><line number="295" hits="2"/><line number="296" hits="1"/><line number="299" hits="2"/><line number="302" hits="4"/><line number="303" hits="2"/><line number="304" hits="2"/><line number="306" hits="3"/><line number="307" hits="1"/><line number="309" hits="3"/><line number="313" hits="2"/><line number="316" hits="1"/><line number="320" hits="1"/><line number="322" hits="1"/><line number="323" hits="1"/><line number="328" hits="6"/><line number="329" hits="2"/><line number="330" hits="4"/><line number="331" hits="8"/><line number="333" hits="2"/><line number="335" hits="2"/><line number="340" hits="2"/><line number="341" hits="3"/><line number="343" hits="8"/><line number="345" hits="4"/><line number="346" hits="4"/><line number="347" hits="4"/><line number="348" hits="4"/><line number="350" hits="4"/><line number="354" hits="1"/><line number="355" hits="1"/><line number="356" hits="2"/><line number="359" hits="4"/><line number="361" hits="2"/><line number="363" hits="1"/><line number="365" hits="3"/><line number="366" hits="3"/><line number="367" hits="1"/><line number="370" hits="2"/></lines></class><class name="marketing" filename="contracts/cw20-base/src/marketing.rs" line-rate="0.9322033898305084" branch-rate="0" complexity="0"><methods/><lines><line number="13" hits="4"/><line number="20" hits="4"/><line number="22" hits="20"/><line number="24" hits="4"/><line number="25" hits="4"/><line number="27" hits="16"/><line number="30" hits="4"/><line number="31" hits="4"/><line number="33" hits="1"/><line number="36" hits="4"/><line number="37" hits="2"/><line number="38" hits="1"/><line number="42" hits="3"/><line number="43" hits="3"/><line number="44" hits="1"/><line number="48" hits="1"/><line number="49" hits="2"/><line number="50" hits="2"/><line number="54" hits="9"/><line number="55" hits="1"/><line number="56" hits="0"/><line number="57" hits="0"/><line number="59" hits="0"/><line number="61" hits="6"/><line number="64" hits="8"/><line number="65" hits="4"/><line number="68" hits="1"/><line number="73" hits="6"/><line number="75" hits="19"/><line number="77" hits="1"/><line number="78" hits="6"/><line number="80" hits="3"/><line number="82" hits="4"/><line number="85" hits="1"/><line number="86" hits="1"/><line number="88" hits="0"/><line number="91" hits="3"/><line number="93" hits="2"/><line number="94" hits="1"/><line number="95" hits="1"/><line number="98" hits="1"/><line number="99" hits="1"/><line number="101" hits="5"/><line number="102" hits="3"/><line number="105" hits="4"/><line number="106" hits="4"/><line number="108" hits="16"/><line number="110" hits="4"/><line number="114" hits="4"/><line number="115" hits="4"/><line number="117" hits="8"/><line number="118" hits="6"/><line number="119" hits="2"/><line number="120" hits="1"/><line number="121" hits="1"/><line number="123" hits="2"/><line number="124" hits="1"/><line number="125" hits="1"/><line number="127" hits="8"/></lines></class><class name="minting" filename="contracts/cw20-base/src/minting.rs" line-rate="0.9622641509433962" branch-rate="0" complexity="0"><methods/><lines><line number="12" hits="1"/><line number="18" hits="1"/><line number="20" hits="2"/><line number="21" hits="1"/><line number="24" hits="4"/><line number="26" hits="1"/><line number="27" hits="1"/><line number="29" hits="4"/><line number="32" hits="2"/><line number="34" hits="0"/><line number="36" hits="0"/><line number="40" hits="1"/><line number="41" hits="1"/><line number="42" hits="2"/><line number="43" hits="1"/><line number="46" hits="2"/><line number="49" hits="2"/><line number="50" hits="3"/><line number="51" hits="1"/><line number="53" hits="3"/><line number="56" hits="4"/><line number="58" hits="1"/><line number="59" hits="1"/><line number="60" hits="1"/><line number="63" hits="3"/><line number="68" hits="3"/><line number="70" hits="12"/><line number="72" hits="3"/><line number="73" hits="3"/><line number="75" hits="6"/><line number="76" hits="6"/><line number="77" hits="1"/><line number="80" hits="6"/><line number="81" hits="4"/><line number="83" hits="3"/><line number="84" hits="1"/><line number="85" hits="1"/><line number="88" hits="1"/><line number="90" hits="2"/><line number="92" hits="4"/><line number="96" hits="3"/><line number="98" hits="2"/><line number="99" hits="2"/><line number="101" hits="2"/><line number="104" hits="1"/><line number="105" hits="1"/><line number="107" hits="2"/><line number="108" hits="1"/><line number="109" hits="2"/><line number="110" hits="1"/><line number="111" hits="1"/><line number="113" hits="1"/><line number="115" hits="1"/></lines></class><class name="responses" filename="contracts/cw20-base/src/responses.rs" line-rate="0.5" branch-rate="0" complexity="0"><methods/><lines><line number="15" hits="1"/><line number="16" hits="1"/><line number="17" hits="1"/><line number="21" hits="1"/><line number="22" hits="2"/><line number="24" hits="1"/><line number="26" hits="1"/><line number="28" hits="2"/><line number="45" hits="0"/><line number="46" hits="0"/><line number="51" hits="0"/><line number="52" hits="0"/><line number="63" hits="0"/><line number="64" hits="0"/><line number="69" hits="0"/><line number="70" hits="0"/></lines></class><class name="validation" filename="contracts/cw20-base/src/validation.rs" line-rate="0.8823529411764706" branch-rate="0" complexity="0"><methods/><lines><line number="9" hits="9"/><line number="11" hits="2"/><line number="12" hits="0"/><line number="16" hits="12"/><line number="17" hits="0"/><line number="21" hits="10"/><line number="22" hits="0"/><line number="24" hits="2"/><line number="27" hits="10"/><line number="28" hits="14"/><line number="29" hits="12"/><line number="30" hits="10"/><line number="32" hits="4"/><line number="33" hits="1"/><line number="35" hits="10"/><line number="40" hits="4"/><line number="41" hits="9"/><line number="42" hits="3"/><line number="43" hits="3"/><line number="44" hits="4"/><line number="48" hits="10"/><line number="49" hits="2"/><line number="50" hits="9"/><line number="51" hits="0"/><line number="53" hits="2"/><line number="56" hits="2"/><line number="57" hits="9"/><line number="58" hits="2"/><line number="59" hits="0"/><line number="61" hits="21"/><line number="62" hits="2"/><line number="63" hits="0"/><line number="66" hits="10"/><line number="70" hits="1"/><line number="71" hits="3"/><line number="73" hits="3"/><line number="74" hits="1"/><line number="76" hits="1"/><line number="81" hits="3"/><line number="89" hits="3"/><line number="90" hits="1"/><line number="91" hits="6"/><line number="92" hits="1"/><line number="94" hits="1"/><line number="99" hits="1"/><line number="103" hits="4"/><line number="104" hits="3"/><line number="106" hits="1"/><line number="111" hits="5"/><line number="112" hits="1"/><line number="114" hits="1"/></lines></class></classes></package><package name="contracts/cw1/src" line-rate="0" branch-rate="0" complexity="0"><classes></classes></package><package name="contracts/cw1-subkeys/src/multitest" line-rate="0.9285714285714286" branch-rate="0" complexity="0"><classes><class name="proxy" filename="contracts/cw1-subkeys/src/multitest/proxy.rs" line-rate="0.9285714285714286" branch-rate="0" complexity="0"><methods/><lines><line number="15" hits="3"/><line number="16" hits="8"/><line number="17" hits="4"/><line number="21" hits="4"/><line number="29" hits="11"/><line number="30" hits="1"/><line number="32" hits="8"/><line number="33" hits="0"/><line number="41" hits="1"/><line number="46" hits="2"/><line number="55" hits="2"/><line number="57" hits="2"/><line number="60" hits="4"/><line number="61" hits="0"/><line number="62" hits="5"/><line number="66" hits="2"/><line number="74" hits="2"/><line number="78" hits="6"/><line number="79" hits="0"/><line number="80" hits="4"/><line number="83" hits="1"/><line number="85" hits="1"/><line number="88" hits="2"/><line number="91" hits="2"/><line number="98" hits="6"/><line number="99" hits="2"/><line number="102" hits="4"/><line number="105" hits="2"/><line number="107" hits="2"/><line number="110" hits="4"/><line number="113" hits="2"/><line number="120" hits="6"/><line number="121" hits="2"/><line number="124" hits="4"/><line number="127" hits="1"/><line number="133" hits="1"/><line number="135" hits="2"/><line number="139" hits="1"/><line number="146" hits="1"/><line number="148" hits="2"/><line number="149" hits="2"/><line number="150" hits="2"/></lines></class></classes></package><package name="contracts/cw4/src" line-rate="0" branch-rate="0" complexity="0"><classes></classes></package><package name="contracts/cw20-marketing/src" line-rate="0" branch-rate="0" complexity="0"><classes></classes></package><package name="contracts/cw1-whitelist/src" line-rate="0.9305555555555556" branch-rate="0" complexity="0"><classes><class name="contract" filename="contracts/cw1-whitelist/src/contract.rs" line-rate="1" branch-rate="0" complexity="0"><methods/><lines><line number="25" hits="9"/><line number="27" hits="7"/><line number="28" hits="7"/><line number="32" hits="7"/><line number="38" hits="7"/><line number="39" hits="17"/><line number="41" hits="27"/><line number="42" hits="18"/><line number="43" hits="18"/><line number="46" hits="7"/><line number="48" hits="13"/><line number="51" hits="2"/><line number="52" hits="2"/></lines></class><class name="cw1" filename="contracts/cw1-whitelist/src/cw1.rs" line-rate="1" branch-rate="0" complexity="0"><methods/><lines><line number="15" hits="1"/><line number="20" hits="1"/><line number="22" hits="2"/><line number="23" hits="1"/><line number="26" hits="2"/><line number="27" hits="1"/><line number="29" hits="2"/><line number="33" hits="1"/><line number="39" hits="1"/><line number="42" hits="2"/><line number="45" hits="1"/></lines></class><class name="responses" filename="contracts/cw1-whitelist/src/responses.rs" line-rate="0" branch-rate="0" complexity="0"><methods/><lines><line number="36" hits="0"/><line number="37" hits="0"/><line number="38" hits="0"/><line number="39" hits="0"/></lines></class><class name="whitelist" filename="contracts/cw1-whitelist/src/whitelist.rs" line-rate="0.9772727272727273" branch-rate="0" complexity="0"><methods/><lines><line number="31" hits="1"/><line number="32" hits="1"/><line number="34" hits="2"/><line number="35" hits="1"/><line number="38" hits="2"/><line number="40" hits="3"/><line number="41" hits="2"/><line number="45" hits="1"/><line number="50" hits="3"/><line number="52" hits="6"/><line number="53" hits="2"/><line number="56" hits="3"/><line number="57" hits="1"/><line number="60" hits="4"/><line number="61" hits="2"/><line number="63" hits="3"/><line number="65" hits="2"/><line number="66" hits="3"/><line number="72" hits="4"/><line number="73" hits="4"/><line number="74" hits="2"/><line number="75" hits="0"/><line number="78" hits="6"/><line number="79" hits="2"/><line number="80" hits="2"/><line number="81" hits="2"/><line number="83" hits="1"/><line number="84" hits="1"/><line number="85" hits="1"/><line number="93" hits="2"/><line number="94" hits="1"/><line number="97" hits="3"/><line number="98" hits="3"/><line number="99" hits="4"/><line number="102" hits="2"/><line number="103" hits="2"/><line number="107" hits="2"/><line number="108" hits="2"/><line number="110" hits="4"/><line number="112" hits="2"/><line number="113" hits="4"/><line number="116" hits="2"/><line number="117" hits="2"/><line number="118" hits="4"/></lines></class></classes></package><package name="contracts/cw1-subkeys/src" line-rate="0.7391304347826086" branch-rate="0" complexity="0"><classes><class name="contract" filename="contracts/cw1-subkeys/src/contract.rs" line-rate="0.6620689655172414" branch-rate="0" complexity="0"><methods/><lines><line number="39" hits="4"/><line number="41" hits="4"/><line number="42" hits="4"/><line number="43" hits="4"/><line number="48" hits="4"/><line number="54" hits="4"/><line number="55" hits="4"/><line number="57" hits="8"/><line number="58" hits="8"/><line number="59" hits="4"/><line number="63" hits="1"/><line number="70" hits="1"/><line number="71" hits="2"/><line number="72" hits="2"/><line number="73" hits="0"/><line number="76" hits="3"/><line number="77" hits="3"/><line number="79" hits="4"/><line number="80" hits="3"/><line number="82" hits="0"/><line number="85" hits="2"/><line number="86" hits="2"/><line number="89" hits="3"/><line number="90" hits="2"/><line number="91" hits="0"/><line number="94" hits="1"/><line number="95" hits="2"/><line number="96" hits="0"/><line number="99" hits="2"/><line number="100" hits="1"/><line number="103" hits="5"/><line number="105" hits="1"/><line number="106" hits="2"/><line number="107" hits="2"/><line number="108" hits="2"/><line number="109" hits="2"/><line number="113" hits="0"/><line number="120" hits="0"/><line number="121" hits="0"/><line number="122" hits="0"/><line number="123" hits="0"/><line number="126" hits="0"/><line number="127" hits="0"/><line number="129" hits="0"/><line number="131" hits="0"/><line number="132" hits="0"/><line number="133" hits="0"/><line number="135" hits="0"/><line number="136" hits="0"/><line number="137" hits="0"/><line number="140" hits="0"/><line number="143" hits="0"/><line number="144" hits="0"/><line number="147" hits="0"/><line number="148" hits="0"/><line number="151" hits="0"/><line number="153" hits="0"/><line number="154" hits="0"/><line number="155" hits="0"/><line number="156" hits="0"/><line number="157" hits="0"/><line number="161" hits="2"/><line number="167" hits="2"/><line number="168" hits="2"/><line number="169" hits="4"/><line number="170" hits="0"/><line number="173" hits="4"/><line number="174" hits="4"/><line number="175" hits="6"/><line number="176" hits="2"/><line number="178" hits="10"/><line number="180" hits="2"/><line number="181" hits="4"/><line number="182" hits="4"/><line number="183" hits="2"/><line number="187" hits="3"/><line number="188" hits="1"/><line number="191" hits="1"/><line number="192" hits="5"/><line number="194" hits="1"/><line number="195" hits="3"/><line number="198" hits="1"/><line number="202" hits="6"/><line number="203" hits="2"/><line number="205" hits="2"/><line number="206" hits="8"/><line number="208" hits="2"/><line number="211" hits="2"/><line number="215" hits="1"/><line number="221" hits="1"/><line number="223" hits="2"/><line number="225" hits="3"/><line number="227" hits="3"/><line number="229" hits="1"/><line number="230" hits="2"/><line number="231" hits="2"/><line number="232" hits="2"/><line number="234" hits="0"/><line number="238" hits="1"/><line number="239" hits="4"/><line number="240" hits="1"/><line number="241" hits="1"/><line number="242" hits="1"/><line number="247" hits="1"/><line number="248" hits="1"/><line number="253" hits="1"/><line number="259" hits="1"/><line number="261" hits="2"/><line number="262" hits="3"/><line number="264" hits="2"/><line number="266" hits="1"/><line number="268" hits="1"/><line number="269" hits="4"/><line number="270" hits="1"/><line number="271" hits="1"/><line number="276" hits="1"/><line number="277" hits="1"/><line number="281" hits="1"/><line number="288" hits="1"/><line number="289" hits="2"/><line number="292" hits="2"/><line number="293" hits="1"/><line number="295" hits="1"/><line number="296" hits="1"/><line number="298" hits="0"/><line number="299" hits="0"/><line number="300" hits="1"/><line number="303" hits="0"/><line number="304" hits="0"/><line number="305" hits="0"/><line number="306" hits="0"/><line number="309" hits="0"/><line number="311" hits="0"/><line number="313" hits="0"/><line number="316" hits="0"/><line number="318" hits="0"/><line number="319" hits="0"/><line number="320" hits="0"/><line number="321" hits="0"/><line number="324" hits="0"/><line number="325" hits="0"/><line number="327" hits="0"/><line number="329" hits="0"/><line number="334" hits="1"/><line number="335" hits="1"/></lines></class><class name="cw1" filename="contracts/cw1-subkeys/src/cw1.rs" line-rate="1" branch-rate="0" complexity="0"><methods/><lines><line number="15" hits="1"/><line number="20" hits="1"/><line number="21" hits="3"/><line number="22" hits="2"/><line number="25" hits="3"/><line number="27" hits="3"/><line number="28" hits="1"/><line number="30" hits="1"/><line number="31" hits="1"/><line number="35" hits="1"/><line number="41" hits="1"/><line number="42" hits="1"/><line number="44" hits="2"/><line number="45" hits="2"/></lines></class><class name="responses" filename="contracts/cw1-subkeys/src/responses.rs" line-rate="0.5" branch-rate="0" complexity="0"><methods/><lines><line number="116" hits="1"/><line number="117" hits="1"/><line number="120" hits="0"/><line number="121" hits="0"/></lines></class><class name="state" filename="contracts/cw1-subkeys/src/state.rs" line-rate="1" branch-rate="0" complexity="0"><methods/><lines><line number="22" hits="2"/><line number="23" hits="2"/></lines></class></classes></package><package name="contracts/cw1-subkeys/src/bin" line-rate="0" branch-rate="0" complexity="0"><classes></classes></package><package name="contracts/cw1-whitelist/src/bin" line-rate="0" branch-rate="0" complexity="0"><classes></classes></package><package name="contracts/cw20-allowances/src" line-rate="0" branch-rate="0" complexity="0"><classes></classes></package><package name="contracts/cw20-base/src/bin" line-rate="0" branch-rate="0" complexity="0"><classes></classes></package><package name="sylvia/src" line-rate="0.8620689655172413" branch-rate="0" complexity="0"><classes><class name="multitest" filename="sylvia/src/multitest.rs" line-rate="0.75" branch-rate="0" complexity="0"><methods/><lines><line number="32" hits="2"/><line number="34" hits="0"/><line number="42" hits="0"/><line number="46" hits="2"/><line number="51" hits="2"/><line number="52" hits="8"/><line number="53" hits="0"/><line number="56" hits="2"/><line number="57" hits="2"/><line number="58" hits="2"/><line number="59" hits="2"/><line number="61" hits="2"/></lines></class><class name="utils" filename="sylvia/src/utils.rs" line-rate="0.8913043478260869" branch-rate="0" complexity="0"><methods/><lines><line number="22" hits="3"/><line number="23" hits="2"/><line number="25" hits="4"/><line number="28" hits="2"/><line number="31" hits="2"/><line number="34" hits="6"/><line number="35" hits="2"/><line number="36" hits="6"/><line number="37" hits="2"/><line number="39" hits="4"/><line number="42" hits="0"/><line number="47" hits="4"/><line number="48" hits="3"/><line number="49" hits="6"/><line number="50" hits="9"/><line number="51" hits="3"/><line number="55" hits="0"/><line number="60" hits="4"/><line number="64" hits="4"/><line number="65" hits="9"/><line number="66" hits="10"/><line number="67" hits="5"/><line number="68" hits="4"/><line number="69" hits="6"/><line number="70" hits="7"/><line number="72" hits="2"/><line number="75" hits="2"/><line number="79" hits="0"/><line number="88" hits="4"/><line number="93" hits="4"/><line number="94" hits="8"/><line number="95" hits="4"/><line number="96" hits="3"/><line number="97" hits="0"/><line number="99" hits="10"/><line number="100" hits="4"/><line number="101" hits="3"/><line number="102" hits="3"/><line number="103" hits="2"/><line number="107" hits="0"/><line number="109" hits="8"/><line number="113" hits="4"/><line number="114" hits="8"/><line number="115" hits="8"/><line number="116" hits="3"/><line number="119" hits="3"/></lines></class></classes></package><package name="sylvia/examples" line-rate="0" branch-rate="0" complexity="0"><classes></classes></package></packages></coverage>